2017-12-13 17:08:08,904  - INFO - ----  test001_知识首页下拉刷新_com.huawei.works.knowledge:id/marquee_view_           ----
2017-12-13 17:08:08,905  - INFO - ----  test001_知识首页下拉刷新_ _swipe_down          ----
2017-12-13 17:08:16,398  - INFO - ----  test001_知识首页下拉刷新_//android.widget.ListView[1]/android.widget.LinearLayout[1]/android.widget.LinearLayout[1]/android.widget.LinearLayout[1]/android.widget.TextView[@text='搜索']_           ----
2017-12-13 17:08:16,510  - INFO - [CheckPoint_1]: testAHomeSwipeDown_ : OK
2017-12-13 17:08:26,397  - INFO - ----  test005_banner浏览历史_com.huawei.works.knowledge:id/aapi_imageview_click          ----
2017-12-13 17:09:16,858  - INFO - ----  testB0annerHistory_失败重连        ----
2017-12-13 17:09:22,952  - INFO - ----  test005_banner浏览历史_com.huawei.works.knowledge:id/aapi_imageview_click          ----
2017-12-13 17:09:30,324  - INFO - ----  test005_banner浏览历史_//*[@id="h5-scroll"]/div[1]/div/section[2]/div[1]/div_get_value          ----
2017-12-13 17:09:30,988  - INFO - ----  test005_banner浏览历史_com.huawei.works.knowledge:id/vtb_img_left_click          ----
2017-12-13 17:09:31,264  - INFO - ----  test005_banner浏览历史_com.huawei.works.knowledge:id/vtb_img_right2_click          ----
2017-12-13 17:09:34,989  - INFO - ----  test005_banner浏览历史_com.huawei.works.knowledge:id/browser_knowledge_history_text_get_value          ----
2017-12-13 17:09:35,248  - INFO - [CheckPoint_2]: testB0annerHistory_用例失败重连过一次，失败原因:执行过程中失败，请检查元素是否存在//*[@id="h5-scroll"]/div[1]/div/section[2]/div[1]/div, : OK
2017-12-13 17:09:41,666  - INFO - ----  test023_一键清空阅读历史_com.huawei.works.knowledge:id/vtb_img_right2_click          ----
2017-12-13 17:09:46,940  - INFO - ----  test023_一键清空阅读历史_com.huawei.works.knowledge:id/vtb_tv_right_click          ----
2017-12-13 17:09:47,869  - INFO - ----  test023_一键清空阅读历史_com.huawei.works.knowledge:id/tx_one_key_clear_click          ----
2017-12-13 17:09:49,132  - INFO - ----  test023_一键清空阅读历史_com.huawei.works.knowledge:id/btn_pos_click          ----
2017-12-13 17:09:50,319  - INFO - ----  test023_一键清空阅读历史_com.huawei.works.knowledge:id/vlf_tv_tips_           ----
2017-12-13 17:09:50,404  - INFO - [CheckPoint_3]: testB1DelALl_ : OK
2017-12-13 17:09:58,844  - INFO - ----  test013_无浏览历史页面检测_//*[@resource-id='com.huawei.works:id/w3_tab_content_layout']//android.widget.RadioButton[@text='知识']_adb_tap          ----
2017-12-13 17:10:00,993  - INFO - ----  test013_无浏览历史页面检测_com.huawei.works.knowledge:id/vtb_img_right2_click          ----
2017-12-13 17:10:05,140  - INFO - ----  test013_无浏览历史页面检测_com.huawei.works.knowledge:id/vlf_tv_tips_           ----
2017-12-13 17:10:05,227  - INFO - [CheckPoint_4]: testB2NoHistory_ : OK
2017-12-13 17:10:14,691  - INFO - ----  test0006_微社区浏览历史_//*[starts-with(@text,'测试微群')]_click          ----
2017-12-13 17:10:17,836  - INFO - ----  test0006_微社区浏览历史_com.huawei.works.knowledge:id/wsq_click          ----
2017-12-13 17:10:21,304  - INFO - ----  test0006_微社区浏览历史_com.huawei.works.knowledge:id/new_topic_name_click          ----
2017-12-13 17:10:24,177  - INFO - ----  test0006_微社区浏览历史_//android.widget.ListView/android.widget.TextView[2]_get_value          ----
2017-12-13 17:10:24,315  - INFO - ----  test0006_微社区浏览历史_com.huawei.works.knowledge:id/vtb_img_left_click          ----
2017-12-13 17:10:24,489  - INFO - ----  test0006_微社区浏览历史_com.huawei.works.knowledge:id/vtb_img_left_click          ----
2017-12-13 17:10:26,776  - INFO - ----  test0006_微社区浏览历史_com.huawei.works.knowledge:id/vtb_img_right2_click          ----
2017-12-13 17:10:28,461  - INFO - ----  test0006_微社区浏览历史_com.huawei.works.knowledge:id/browser_knowledge_history_text_get_value          ----
2017-12-13 17:10:28,602  - INFO - [CheckPoint_5]: testBWeiBBSHistory_ : OK
2017-12-13 17:10:39,387  - INFO - ----  test004_每日新闻卡片浏览记录_com.huawei.works.knowledge:id/title_get_value          ----
2017-12-13 17:10:40,983  - INFO - ----  test004_每日新闻卡片浏览记录_com.huawei.works.knowledge:id/title_click          ----
2017-12-13 17:10:51,017  - INFO - ----  test004_每日新闻卡片浏览记录_h5-scroll_           ----
2017-12-13 17:10:51,779  - INFO - ----  test004_每日新闻卡片浏览记录_com.huawei.works.knowledge:id/vtb_img_left_click          ----
2017-12-13 17:10:53,212  - INFO - ----  test004_每日新闻卡片浏览记录_com.huawei.works.knowledge:id/vtb_img_right2_click          ----
2017-12-13 17:10:54,945  - INFO - ----  test004_每日新闻卡片浏览记录_com.huawei.works.knowledge:id/browser_knowledge_history_text_get_value          ----
2017-12-13 17:10:55,204  - INFO - [CheckPoint_6]: testDayNewHistory_ : OK
2017-12-13 17:11:05,341  - INFO - ----  test008_部门公告浏览记录_//*[@resource-id='com.huawei.works.knowledge:id/lin_item_content']/android.widget.TextView[1]_get_value          ----
2017-12-13 17:11:05,604  - INFO - ----  test008_部门公告浏览记录_//*[@resource-id='com.huawei.works.knowledge:id/lin_item_content']/android.widget.TextView[1]_click          ----
2017-12-13 17:11:10,794  - INFO - ----  test008_部门公告浏览记录_h5-scroll_           ----
2017-12-13 17:11:11,003  - INFO - ----  test008_部门公告浏览记录_com.huawei.works.knowledge:id/vtb_img_left_click          ----
2017-12-13 17:11:11,186  - INFO - ----  test008_部门公告浏览记录_com.huawei.works.knowledge:id/vtb_img_right2_click          ----
2017-12-13 17:11:14,096  - INFO - ----  test008_部门公告浏览记录_com.huawei.works.knowledge:id/browser_knowledge_history_text_get_value          ----
2017-12-13 17:11:14,356  - INFO - [CheckPoint_7]: testDeptNoticeHistory_ : OK
2017-12-13 17:11:25,701  - INFO - ----  test008_精选博客-详情浏览历史_com.huawei.works.knowledge:id/blog_title_get_value          ----
2017-12-13 17:11:27,211  - INFO - ----  test008_精选博客-详情浏览历史_com.huawei.works.knowledge:id/blog_title_click          ----
2017-12-13 17:11:33,244  - INFO - ----  test008_精选博客-详情浏览历史_h5-scroll_           ----
2017-12-13 17:11:33,513  - INFO - ----  test008_精选博客-详情浏览历史_com.huawei.works.knowledge:id/vtb_img_left_click          ----
2017-12-13 17:11:34,267  - INFO - ----  test008_精选博客-详情浏览历史_com.huawei.works.knowledge:id/vtb_img_right2_click          ----
2017-12-13 17:11:36,997  - INFO - ----  test008_精选博客-详情浏览历史_com.huawei.works.knowledge:id/browser_knowledge_history_text_get_value          ----
2017-12-13 17:11:37,256  - INFO - [CheckPoint_8]: testGoodBlogHistory_ : OK
2017-12-13 17:11:44,274  - INFO - ----  test009_知识搜索进入详情页历史记录_//*[@resource-id='com.huawei.works:id/w3_tab_content_layout']//android.widget.RadioButton[@text='知识']_adb_tap          ----
2017-12-13 17:11:50,294  - INFO - ----  test009_知识搜索进入详情页历史记录_//android.widget.TextView[@text="搜索"]_click          ----
2017-12-13 17:11:52,807  - INFO - ----  test009_知识搜索进入详情页历史记录_com.huawei.works.search:id/searchview_query_set_value 最        ----
2017-12-13 17:11:53,517  - INFO - ----  test009_知识搜索进入详情页历史记录_ _press_keycode66         ----
2017-12-13 17:11:54,936  - INFO - ----  test009_知识搜索进入详情页历史记录_com.huawei.works.search:id/tv_knowledge_title_click          ----
2017-12-13 17:12:00,859  - INFO - ----  test009_知识搜索进入详情页历史记录_h5-scroll_           ----
2017-12-13 17:12:01,000  - INFO - ----  test009_知识搜索进入详情页历史记录_/html/head/title_get_value          ----
2017-12-13 17:12:01,778  - INFO - ----  test009_知识搜索进入详情页历史记录_com.huawei.works.knowledge:id/vtb_img_left_click          ----
2017-12-13 17:12:03,268  - INFO - ----  test009_知识搜索进入详情页历史记录_com.huawei.works.search:id/tv_searchview_cancel_click          ----
2017-12-13 17:12:04,920  - INFO - ----  test009_知识搜索进入详情页历史记录_com.huawei.works.knowledge:id/vtb_img_right2_click          ----
2017-12-13 17:12:06,748  - INFO - ----  test009_知识搜索进入详情页历史记录_com.huawei.works.knowledge:id/browser_knowledge_history_text_get_value          ----
2017-12-13 17:12:07,482  - INFO - [CheckPoint_9]: testHomeSearchHistory_ : OK
2017-12-13 17:12:17,655  - INFO - ----  test005_热点高悬赏问答浏览历史_//*[@resource-id='com.huawei.works.knowledge:id/title_txt' and @text='热点问答']_click          ----
2017-12-13 17:12:20,741  - INFO - ----  test005_热点高悬赏问答浏览历史_//android.widget.TextView[@text='高悬赏问答']_click          ----
2017-12-13 17:12:21,621  - INFO - ----  test005_热点高悬赏问答浏览历史_//android.widget.ListView/android.widget.LinearLayout[1]_click          ----
2017-12-13 17:12:32,217  - INFO - ----  test005_热点高悬赏问答浏览历史_h5-scroll_           ----
2017-12-13 17:12:32,329  - INFO - ----  test005_热点高悬赏问答浏览历史_/html/head/title_get_value          ----
2017-12-13 17:12:32,681  - INFO - ----  test005_热点高悬赏问答浏览历史_com.huawei.works.knowledge:id/vtb_img_left_click          ----
2017-12-13 17:12:33,417  - INFO - ----  test005_热点高悬赏问答浏览历史_com.huawei.works.knowledge:id/vtb_img_left_click          ----
2017-12-13 17:12:34,147  - INFO - ----  test005_热点高悬赏问答浏览历史_com.huawei.works.knowledge:id/vtb_img_right2_click          ----
2017-12-13 17:12:38,007  - INFO - ----  test005_热点高悬赏问答浏览历史_com.huawei.works.knowledge:id/browser_knowledge_history_text_get_value          ----
2017-12-13 17:12:38,270  - INFO - [CheckPoint_10]: testHotAnswerHistory_ : OK
2017-12-13 17:12:48,746  - INFO - ----  test005_热点问答-我的团队问答浏览历史_//*[@resource-id='com.huawei.works.knowledge:id/title_txt' and @text='热点问答']_click          ----
2017-12-13 17:12:52,857  - INFO - ----  test005_热点问答-我的团队问答浏览历史_//android.widget.ListView/android.widget.LinearLayout[1]_click          ----
2017-12-13 17:12:57,943  - INFO - ----  test005_热点问答-我的团队问答浏览历史_h5-scroll_           ----
2017-12-13 17:12:58,061  - INFO - ----  test005_热点问答-我的团队问答浏览历史_html/head/title_get_value          ----
2017-12-13 17:12:58,412  - INFO - ----  test005_热点问答-我的团队问答浏览历史_com.huawei.works.knowledge:id/vtb_img_left_click          ----
2017-12-13 17:12:59,762  - INFO - ----  test005_热点问答-我的团队问答浏览历史_com.huawei.works.knowledge:id/vtb_img_left_click          ----
2017-12-13 17:13:00,944  - INFO - ----  test005_热点问答-我的团队问答浏览历史_com.huawei.works.knowledge:id/vtb_img_right2_click          ----
2017-12-13 17:13:03,218  - INFO - ----  test005_热点问答-我的团队问答浏览历史_com.huawei.works.knowledge:id/browser_knowledge_history_text_get_value          ----
2017-12-13 17:13:03,513  - INFO - [CheckPoint_11]: testHotAnswerMyTeamHistory_ : OK
2017-12-13 17:13:15,876  - INFO - ----  test008_直播-详情浏览历史_//android.widget.TextView[@text='直播']_click          ----
2017-12-13 17:13:18,686  - INFO - ----  test008_直播-详情浏览历史_com.huawei.works.videolive:id/liveListTitle_get_value          ----
2017-12-13 17:13:18,843  - INFO - ----  test008_直播-详情浏览历史_com.huawei.works.videolive:id/liveListTitle_click          ----
2017-12-13 17:13:24,675  - INFO - ----  test008_直播-详情浏览历史_//android.widget.TextView[1]_get_value          ----
2017-12-13 17:13:24,861  - INFO - [CheckPoint_12]: testLive_ : OK
2017-12-13 17:13:31,735  - INFO - ----  test0006_多次微社区浏览历史_//*[@resource-id='com.huawei.works:id/w3_tab_content_layout']//android.widget.RadioButton[@text='知识']_adb_tap          ----
2017-12-13 17:13:36,861  - INFO - ----  test0006_多次微社区浏览历史_com.huawei.works.knowledge:id/title_my_team_item_click          ----
2017-12-13 17:13:40,042  - INFO - ----  test0006_多次微社区浏览历史_com.huawei.works.knowledge:id/wsq_click          ----
2017-12-13 17:13:42,876  - INFO - ----  test0006_多次微社区浏览历史_com.huawei.works.knowledge:id/new_topic_name_click          ----
2017-12-13 17:13:45,696  - INFO - ----  test0006_多次微社区浏览历史_//android.widget.ListView/android.widget.TextView[2]_get_value          ----
2017-12-13 17:13:45,840  - INFO - ----  test0006_多次微社区浏览历史_com.huawei.works.knowledge:id/vtb_img_left_click          ----
2017-12-13 17:13:46,696  - INFO - ----  test0006_多次微社区浏览历史_com.huawei.works.knowledge:id/new_topic_name_click          ----
2017-12-13 17:13:46,897  - INFO - ----  test0006_多次微社区浏览历史_com.huawei.works.knowledge:id/vtb_img_left_click          ----
2017-12-13 17:13:49,305  - INFO - ----  test0006_多次微社区浏览历史_com.huawei.works.knowledge:id/vtb_img_left_click          ----
2017-12-13 17:13:50,653  - INFO - ----  test0006_多次微社区浏览历史_com.huawei.works.knowledge:id/vtb_img_right2_click          ----
2017-12-13 17:13:52,694  - INFO - ----  test0006_多次微社区浏览历史_//android.widget.ListView/android.widget.LinearLayout[3]//*[@resource-id='com.huawei.works.knowledge:id/browser_knowledge_history_text']_get_value          ----
2017-12-13 17:13:52,890  - INFO - [CheckPoint_13]: testManyHistory_ : OK
2017-12-13 17:14:03,339  - INFO - ----  test007_我的课程浏览记录_com.huawei.works.knowledge:id/ilearning_tv_course_name_click          ----
2017-12-13 17:14:07,874  - INFO - ----  test007_我的课程浏览记录_com.huawei.works.knowledge:id/tvw_course_title_get_value          ----
2017-12-13 17:14:08,013  - INFO - ----  test007_我的课程浏览记录_com.huawei.works.knowledge:id/vtb_img_left_click          ----
2017-12-13 17:14:09,938  - INFO - ----  test007_我的课程浏览记录_com.huawei.works.knowledge:id/vtb_img_right2_click          ----
2017-12-13 17:14:11,881  - INFO - ----  test007_我的课程浏览记录_com.huawei.works.knowledge:id/browser_knowledge_history_text_get_value          ----
2017-12-13 17:14:12,030  - INFO - [CheckPoint_14]: testMyClassHistory_ : OK
2017-12-13 17:14:22,266  - INFO - ----  test005_无权限查看不在浏览历史显示_//*[@resource-id='com.huawei.works.knowledge:id/lin_item_menus']/android.widget.TextView[2]_click          ----
2017-12-13 17:14:24,312  - INFO - ----  test005_无权限查看不在浏览历史显示_//*[@resource-id='com.huawei.works.knowledge:id/lin_item_content']/android.widget.TextView[1]_get_value          ----
2017-12-13 17:14:25,027  - INFO - ----  test005_无权限查看不在浏览历史显示_//*[@resource-id='com.huawei.works.knowledge:id/lin_item_content']/android.widget.TextView[1]_click          ----
2017-12-13 17:14:27,785  - INFO - ----  test005_无权限查看不在浏览历史显示_//android.widget.TextView[@text='您暂无权限查看此资源']_           ----
2017-12-13 17:14:27,824  - INFO - ----  test005_无权限查看不在浏览历史显示_com.huawei.works.knowledge:id/vtb_img_left_click          ----
2017-12-13 17:14:28,023  - INFO - ----  test005_无权限查看不在浏览历史显示_com.huawei.works.knowledge:id/vtb_img_right2_click          ----
2017-12-13 17:14:31,732  - INFO - ----  test005_无权限查看不在浏览历史显示_com.huawei.works.knowledge:id/browser_knowledge_history_text_get_value          ----
2017-12-13 17:14:31,990  - INFO - [CheckPoint_15]: testNoAccessHistory_ : OK
2017-12-13 17:14:42,191  - INFO - ----  test004_技术专区详情页收藏_//android.widget.TextView[@text='技术专区']_           ----
2017-12-13 17:14:42,269  - INFO - ----  test004_技术专区详情页收藏_com.huawei.works.knowledge:id/title_click          ----
2017-12-13 17:14:48,108  - INFO - ----  test004_技术专区详情页收藏_com.huawei.works.knowledge:id/vdr_fav_adb_tap          ----
2017-12-13 17:14:49,261  - INFO - ----  test004_技术专区详情页收藏_查找弹窗元素_//*[@text='收藏成功']        ----
2017-12-13 17:14:49,922  - INFO - [CheckPoint_16]: testTechCollect_ : OK
2017-12-13 17:15:01,861  - INFO - ----  test005_视听专区详情页浏览历史_//android.widget.TextView[@text='视听专区']_click          ----
2017-12-13 17:15:03,660  - INFO - ----  test005_视听专区详情页浏览历史_//android.widget.ListView/android.widget.LinearLayout[1]_click          ----
2017-12-13 17:15:06,656  - INFO - ----  test005_视听专区详情页浏览历史_com.huawei.works.knowledge:id/vvd_title_get_value          ----
2017-12-13 17:15:07,284  - INFO - ----  test005_视听专区详情页浏览历史_com.huawei.works.knowledge:id/media_playerBack_click          ----
2017-12-13 17:15:08,672  - INFO - ----  test005_视听专区详情页浏览历史_com.huawei.works.knowledge:id/vtb_img_left_click          ----
2017-12-13 17:15:08,874  - INFO - ----  test005_视听专区详情页浏览历史_com.huawei.works.knowledge:id/vtb_img_right2_click          ----
2017-12-13 17:15:13,128  - INFO - ----  test005_视听专区详情页浏览历史_com.huawei.works.knowledge:id/browser_knowledge_history_text_get_value          ----
2017-12-13 17:15:13,306  - INFO - [CheckPoint_17]: testVideoAudioHistory_ : OK
2017-12-13 17:15:23,725  - INFO - ----  test008_为您推荐详情页的链接跳转_//android.widget.TextView[@text='WeLink']_click          ----
2017-12-13 17:15:30,875  - INFO - ----  test008_为您推荐详情页的链接跳转_h5-scroll_           ----
2017-12-13 17:15:31,013  - INFO - ----  test008_为您推荐详情页的链接跳转_detail-header-name_click          ----
2017-12-13 17:15:35,175  - INFO - ----  test008_为您推荐详情页的链接跳转_//android.widget.ListView/android.widget.RelativeLayout[1]_           ----
2017-12-13 17:15:35,356  - INFO - [CheckPoint_18]: testYourCommendDetailLink_ : OK
2017-12-13 17:15:46,922  - INFO - ----  test011_首页删除技术专区卡片_com.huawei.works.knowledge:id/iv_card_sort_del_click          ----
2017-12-13 17:15:49,788  - INFO - ----  test011_首页删除技术专区卡片_com.huawei.works.knowledge:id/card_del_click          ----
2017-12-13 17:15:53,539  - INFO - [CheckPoint_19]: testZDelHomeCard_ : OK
2017-12-13 17:16:24,734  - INFO - ----  test019_测试微群团队博客浏览历史_//*[starts-with(@text,'测试微群')]_click          ----
2017-12-13 17:16:35,237  - INFO - ----  test019_测试微群团队博客浏览历史_com.huawei.works.knowledge:id/dzb_title_content_           ----
2017-12-13 17:16:35,751  - INFO - ----  test019_测试微群团队博客浏览历史_com.huawei.works.knowledge:id/fcc_btn_more_click          ----
2017-12-13 17:16:37,487  - INFO - ----  test019_测试微群团队博客浏览历史_//android.widget.TextView[@text='110团队博客']_click          ----
2017-12-13 17:16:40,623  - INFO - ----  test019_测试微群团队博客浏览历史_com.huawei.works.knowledge:id/dzb_title_get_value          ----
2017-12-13 17:16:41,259  - INFO - ----  test019_测试微群团队博客浏览历史_com.huawei.works.knowledge:id/dzb_title_click          ----
2017-12-13 17:16:50,940  - INFO - ----  test019_测试微群团队博客浏览历史_h5-scroll_           ----
2017-12-13 17:16:51,363  - INFO - ----  test019_测试微群团队博客浏览历史_com.huawei.works.knowledge:id/vtb_img_left_click          ----
2017-12-13 17:16:51,575  - INFO - ----  test019_测试微群团队博客浏览历史_com.huawei.works.knowledge:id/vtb_img_left_click          ----
2017-12-13 17:16:52,204  - INFO - ----  test019_测试微群团队博客浏览历史_com.huawei.works.knowledge:id/vtb_img_right2_click          ----
2017-12-13 17:16:55,375  - INFO - ----  test019_测试微群团队博客浏览历史_com.huawei.works.knowledge:id/browser_knowledge_history_text_get_value          ----
2017-12-13 17:16:55,657  - INFO - [CheckPoint_20]: testATeamBlogHistory_ : OK
2017-12-13 17:17:05,093  - INFO - ----  test019_KA详情_//*[starts-with(@text,'测试微群')]_click          ----
2017-12-13 17:17:08,515  - INFO - ----  test019_KA详情_com.huawei.works.knowledge:id/dzb_title_content_           ----
2017-12-13 17:17:08,561  - INFO - ----  test019_KA详情_com.huawei.works.knowledge:id/fcc_btn_more_click          ----
2017-12-13 17:17:10,278  - INFO - ----  test019_KA详情_//android.widget.TextView[@text='KA']_click          ----
2017-12-13 17:17:23,815  - INFO - ----  test019_KA详情_//*[@resource-id='iscrollup']/android.view.View[2]/android.view.View/android.view.View[1]_click          ----
2017-12-13 17:17:31,632  - INFO - ----  test019_KA详情_h5-scroll_           ----
2017-12-13 17:17:31,832  - INFO - [CheckPoint_21]: testKA_ : OK
2017-12-13 17:17:37,866  - INFO - ----  test019_团队音频浏览历史_//*[starts-with(@text,'测试微群')]_click          ----
2017-12-13 17:17:45,013  - INFO - ----  test019_团队音频浏览历史_com.huawei.works.knowledge:id/dzb_title_content_           ----
2017-12-13 17:17:46,384  - INFO - ----  test019_团队音频浏览历史_com.huawei.works.knowledge:id/fcc_btn_more_click          ----
2017-12-13 17:17:48,181  - INFO - ----  test019_团队音频浏览历史_//android.widget.TextView[@text='303团队音频']_click          ----
2017-12-13 17:17:57,990  - INFO - ----  test019_团队音频浏览历史_com.huawei.works.knowledge:id/radio_title_get_value          ----
2017-12-13 17:17:58,561  - INFO - ----  test019_团队音频浏览历史_com.huawei.works.knowledge:id/radio_title_click          ----
2017-12-13 17:18:01,293  - INFO - ----  test019_团队音频浏览历史_com.huawei.works.knowledge:id/vvd_title_           ----
2017-12-13 17:18:01,985  - INFO - ----  test019_团队音频浏览历史_com.huawei.works.knowledge:id/media_playerBack_click          ----
2017-12-13 17:18:03,385  - INFO - ----  test019_团队音频浏览历史_com.huawei.works.knowledge:id/vtb_img_left_click          ----
2017-12-13 17:18:03,585  - INFO - ----  test019_团队音频浏览历史_com.huawei.works.knowledge:id/vtb_img_right2_click          ----
2017-12-13 17:18:06,758  - INFO - ----  test019_团队音频浏览历史_com.huawei.works.knowledge:id/browser_knowledge_history_text_get_value          ----
2017-12-13 17:18:06,913  - INFO - [CheckPoint_22]: testTeamAudio_ : OK
2017-12-13 17:18:15,399  - INFO - ----  test019_团队讨论浏览历史_//*[starts-with(@text,'测试微群')]_click          ----
2017-12-13 17:18:19,969  - INFO - ----  test019_团队讨论浏览历史_com.huawei.works.knowledge:id/dzb_title_content_           ----
2017-12-13 17:18:20,465  - INFO - ----  test019_团队讨论浏览历史_com.huawei.works.knowledge:id/fcc_btn_more_click          ----
2017-12-13 17:18:22,172  - INFO - ----  test019_团队讨论浏览历史_//android.widget.TextView[@text='讨论原生']_click          ----
2017-12-13 17:18:25,420  - INFO - ----  test019_团队讨论浏览历史_com.huawei.works.knowledge:id/dzb_title_get_value          ----
2017-12-13 17:18:26,263  - INFO - ----  test019_团队讨论浏览历史_com.huawei.works.knowledge:id/dzb_title_click          ----
2017-12-13 17:18:33,520  - INFO - ----  test019_团队讨论浏览历史_h5-scroll_           ----
2017-12-13 17:18:33,762  - INFO - ----  test019_团队讨论浏览历史_com.huawei.works.knowledge:id/vtb_img_left_click          ----
2017-12-13 17:18:34,039  - INFO - ----  test019_团队讨论浏览历史_com.huawei.works.knowledge:id/vtb_img_left_click          ----
2017-12-13 17:18:34,683  - INFO - ----  test019_团队讨论浏览历史_com.huawei.works.knowledge:id/vtb_img_right2_click          ----
2017-12-13 17:18:37,160  - INFO - ----  test019_团队讨论浏览历史_com.huawei.works.knowledge:id/browser_knowledge_history_text_get_value          ----
2017-12-13 17:18:37,994  - INFO - [CheckPoint_23]: testTeamDiscussHistory_ : OK
2017-12-13 17:18:46,595  - INFO - ----  test019_团队求助浏览历史_//*[starts-with(@text,'测试微群')]_click          ----
2017-12-13 17:18:51,076  - INFO - ----  test019_团队求助浏览历史_com.huawei.works.knowledge:id/dzb_title_content_           ----
2017-12-13 17:18:51,125  - INFO - ----  test019_团队求助浏览历史_com.huawei.works.knowledge:id/fcc_btn_more_click          ----
2017-12-13 17:18:52,802  - INFO - ----  test019_团队求助浏览历史_//android.widget.TextView[@text='204RF问题']_click          ----
2017-12-13 17:18:54,573  - INFO - ----  test019_团队求助浏览历史_com.huawei.works.knowledge:id/problemset_que_get_value          ----
2017-12-13 17:18:55,293  - INFO - ----  test019_团队求助浏览历史_com.huawei.works.knowledge:id/problemset_que_click          ----
2017-12-13 17:19:02,833  - INFO - ----  test019_团队求助浏览历史_h5-scroll_           ----
2017-12-13 17:19:03,187  - INFO - ----  test019_团队求助浏览历史_com.huawei.works.knowledge:id/vtb_img_left_click          ----
2017-12-13 17:19:03,917  - INFO - ----  test019_团队求助浏览历史_com.huawei.works.knowledge:id/vtb_img_left_click          ----
2017-12-13 17:19:05,608  - INFO - ----  test019_团队求助浏览历史_com.huawei.works.knowledge:id/vtb_img_right2_click          ----
2017-12-13 17:19:07,614  - INFO - ----  test019_团队求助浏览历史_com.huawei.works.knowledge:id/browser_knowledge_history_text_get_value          ----
2017-12-13 17:19:07,884  - INFO - [CheckPoint_24]: testTeamHelp_ : OK
2017-12-13 17:19:13,835  - INFO - ----  test009_测试微群团队介绍_//*[starts-with(@text,'测试微群')]_click          ----
2017-12-13 17:19:21,515  - INFO - ----  test009_测试微群团队介绍_com.huawei.works.knowledge:id/dzb_title_content_           ----
2017-12-13 17:19:21,575  - INFO - ----  test009_测试微群团队介绍_com.huawei.works.knowledge:id/vtb_img_send_click          ----
2017-12-13 17:19:22,696  - INFO - ----  test009_测试微群团队介绍_//*[@resource-id='com.huawei.works:id/tv_menu_item_text' and @text='团队介绍']_click          ----
2017-12-13 17:19:24,472  - INFO - ----  test009_测试微群团队介绍_com.huawei.works.knowledge:id/group_           ----
2017-12-13 17:19:24,559  - INFO - [CheckPoint_25]: testTeamIntro_ : OK
2017-12-13 17:19:34,023  - INFO - ----  test019_团队iMiss浏览历史_//*[starts-with(@text,'测试微群')]_click          ----
2017-12-13 17:19:37,351  - INFO - ----  test019_团队iMiss浏览历史_com.huawei.works.knowledge:id/dzb_title_content_           ----
2017-12-13 17:19:37,398  - INFO - ----  test019_团队iMiss浏览历史_com.huawei.works.knowledge:id/fcc_btn_more_click          ----
2017-12-13 17:19:39,091  - INFO - ----  test019_团队iMiss浏览历史_//android.widget.TextView[@text='iMss精选中文']_click          ----
2017-12-13 17:19:43,236  - INFO - ----  test019_团队iMiss浏览历史_com.huawei.works.knowledge:id/imss_title_click          ----
2017-12-13 17:19:55,286  - INFO - ----  test019_团队iMiss浏览历史_/html/head/title_get_value          ----
2017-12-13 17:19:55,666  - INFO - ----  test019_团队iMiss浏览历史_com.huawei.works.knowledge:id/vtb_img_left_click          ----
2017-12-13 17:19:56,341  - INFO - ----  test019_团队iMiss浏览历史_com.huawei.works.knowledge:id/vtb_img_left_click          ----
2017-12-13 17:19:58,104  - INFO - ----  test019_团队iMiss浏览历史_com.huawei.works.knowledge:id/vtb_img_right2_click          ----
2017-12-13 17:20:00,514  - INFO - ----  test019_团队iMiss浏览历史_com.huawei.works.knowledge:id/browser_knowledge_history_text_get_value          ----
2017-12-13 17:20:00,773  - INFO - [CheckPoint_26]: testTeamMiss_ : OK
2017-12-13 17:20:09,131  - INFO - ----  test019_wiki详情_//*[starts-with(@text,'测试微群')]_click          ----
2017-12-13 17:20:13,757  - INFO - ----  test019_wiki详情_com.huawei.works.knowledge:id/dzb_title_content_           ----
2017-12-13 17:20:14,233  - INFO - ----  test019_wiki详情_com.huawei.works.knowledge:id/fcc_btn_more_click          ----
2017-12-13 17:20:16,575  - INFO - ----  test019_wiki详情_//android.widget.TextView[@text='wiki新']_click          ----
2017-12-13 17:20:26,058  - INFO - ----  test019_wiki详情_//*[@resource-id='iscrollup']/android.view.View/android.view.View/android.view.View[1]_click          ----
2017-12-13 17:20:31,461  - INFO - ----  test019_wiki详情_h5-scroll_           ----
2017-12-13 17:20:31,653  - INFO - [CheckPoint_27]: testWiki_ : OK
2017-12-13 17:21:03,468  - INFO - ----  test022_从浏览历史进入到详情页_com.huawei.works.knowledge:id/vtb_img_right2_click          ----
2017-12-13 17:21:08,707  - INFO - ----  test022_从浏览历史进入到详情页_com.huawei.works.knowledge:id/browser_knowledge_history_text_get_value          ----
2017-12-13 17:21:08,914  - INFO - ----  test022_从浏览历史进入到详情页_//android.widget.ListView/android.widget.LinearLayout[2]_click          ----
2017-12-13 17:21:57,268  - INFO - ----  testADetail_失败重连        ----
2017-12-13 17:22:03,049  - INFO - ----  test022_从浏览历史进入到详情页_com.huawei.works.knowledge:id/vtb_img_right2_click          ----
2017-12-13 17:22:05,901  - INFO - ----  test022_从浏览历史进入到详情页_com.huawei.works.knowledge:id/browser_knowledge_history_text_get_value          ----
2017-12-13 17:22:06,444  - INFO - ----  test022_从浏览历史进入到详情页_//android.widget.ListView/android.widget.LinearLayout[2]_click          ----
2017-12-13 17:22:55,567  - INFO - [CheckPoint_28]: testADetail_用例失败重连过一次，失败原因:执行过程中失败，请检查元素是否存在h5-scroll, 
执行过程中失败，请检查元素是否存在h5-scroll, : NG
2017-12-13 17:23:03,434  - INFO - ----  test014_滑动删除浏览历史中的数据_com.huawei.works.knowledge:id/vtb_img_right2_click          ----
2017-12-13 17:23:06,444  - INFO - ----  test014_滑动删除浏览历史中的数据_com.huawei.works.knowledge:id/browser_knowledge_history_text_get_value          ----
2017-12-13 17:23:07,428  - INFO - ----  test014_滑动删除浏览历史中的数据_com.huawei.works.knowledge:id/browser_knowledge_history_text_swipe_left          ----
2017-12-13 17:23:08,810  - INFO - ----  test014_滑动删除浏览历史中的数据_com.huawei.works.knowledge:id/tx_delete_click          ----
2017-12-13 17:23:09,700  - INFO - ----  test014_滑动删除浏览历史中的数据_com.huawei.works.knowledge:id/browser_knowledge_history_text_get_value          ----
2017-12-13 17:23:09,815  - INFO - [CheckPoint_29]: testBSwipeDelHistory_ : OK
2017-12-13 17:23:16,206  - INFO - ----  test023_多选框删除阅读历史_com.huawei.works.knowledge:id/vtb_img_right2_click          ----
2017-12-13 17:23:21,289  - INFO - ----  test023_多选框删除阅读历史_com.huawei.works.knowledge:id/vtb_tv_right_click          ----
2017-12-13 17:23:22,191  - INFO - ----  test023_多选框删除阅读历史_com.huawei.works.knowledge:id/browser_knowledge_history_text_get_value          ----
2017-12-13 17:23:22,320  - INFO - ----  test023_多选框删除阅读历史_com.huawei.works.knowledge:id/browser_knowledge_history_text_get_value          ----
2017-12-13 17:23:22,470  - INFO - ----  test023_多选框删除阅读历史_com.huawei.works.knowledge:id/browser_knowledge_history_checkbox_click          ----
2017-12-13 17:23:22,661  - INFO - ----  test023_多选框删除阅读历史_com.huawei.works.knowledge:id/browser_knowledge_history_checkbox_click          ----
2017-12-13 17:23:23,441  - INFO - ----  test023_多选框删除阅读历史_com.huawei.works.knowledge:id/tx_delete_click          ----
2017-12-13 17:23:24,920  - INFO - ----  test023_多选框删除阅读历史_com.huawei.works.knowledge:id/btn_pos_click          ----
2017-12-13 17:23:26,347  - INFO - ----  test023_多选框删除阅读历史_com.huawei.works.knowledge:id/browser_knowledge_history_text_get_value          ----
2017-12-13 17:23:26,460  - INFO - ----  test023_多选框删除阅读历史_com.huawei.works.knowledge:id/browser_knowledge_history_text_get_value          ----
2017-12-13 17:23:26,608  - INFO - [CheckPoint_30]: testCCheckBoxDel_ : OK
2017-12-13 17:23:33,152  - INFO - ----  test023_一键清空阅读历史_com.huawei.works.knowledge:id/vtb_img_right2_click          ----
2017-12-13 17:23:38,758  - INFO - ----  test023_一键清空阅读历史_com.huawei.works.knowledge:id/vtb_tv_right_click          ----
2017-12-13 17:23:39,679  - INFO - ----  test023_一键清空阅读历史_com.huawei.works.knowledge:id/tx_one_key_clear_click          ----
2017-12-13 17:23:39,981  - INFO - ----  test023_一键清空阅读历史_com.huawei.works.knowledge:id/btn_pos_click          ----
2017-12-13 17:23:42,010  - INFO - ----  test023_一键清空阅读历史_com.huawei.works.knowledge:id/vlf_tv_tips_           ----
2017-12-13 17:23:42,092  - INFO - [CheckPoint_31]: testZDelALl_ : OK
2017-12-13 17:24:12,720  - INFO - ----  test008_通讯录查看动态浏览记录_//*[@resource-id='com.huawei.works:id/w3_tab_content_layout']//android.widget.RadioButton[@text='通讯录']_adb_tap          ----
2017-12-13 17:24:20,684  - INFO - ----  test008_通讯录查看动态浏览记录_//*[starts-with(@text,'程琳')]_click          ----
2017-12-13 17:24:25,157  - INFO - ----  test008_通讯录查看动态浏览记录_com.huawei.works.contact:id/title_click          ----
2017-12-13 17:24:30,087  - INFO - ----  test008_通讯录查看动态浏览记录_h5-scroll_           ----
2017-12-13 17:24:30,201  - INFO - ----  test008_通讯录查看动态浏览记录_/html/head/title_get_value          ----
2017-12-13 17:24:30,521  - INFO - ----  test008_通讯录查看动态浏览记录_com.huawei.works.knowledge:id/vtb_img_left_click          ----
2017-12-13 17:24:31,247  - INFO - ----  test008_通讯录查看动态浏览记录_com.huawei.works.contact:id/contact_vcard_back_click          ----
2017-12-13 17:24:33,228  - INFO - ----  test008_通讯录查看动态浏览记录_//*[@resource-id='com.huawei.works:id/w3_tab_content_layout']//android.widget.RadioButton[@text='知识']_adb_tap          ----
2017-12-13 17:24:35,540  - INFO - ----  test008_通讯录查看动态浏览记录_com.huawei.works.knowledge:id/vtb_img_right2_click          ----
2017-12-13 17:24:37,209  - INFO - ----  test008_通讯录查看动态浏览记录_com.huawei.works.knowledge:id/browser_knowledge_history_text_get_value          ----
2017-12-13 17:24:37,464  - INFO - [CheckPoint_32]: testAContactHistory_ : OK
2017-12-13 17:24:45,683  - INFO - ----  test008_公众号浏览历史_//*[@resource-id='com.huawei.works:id/w3_tab_content_layout']//android.widget.RadioButton[@text='通讯录']_adb_tap          ----
2017-12-13 17:24:53,042  - INFO - ----  test008_公众号浏览历史_com.huawei.works.contact:id/contact_header_button3_click          ----
2017-12-13 17:24:55,397  - INFO - ----  test008_公众号浏览历史_//android.widget.TextView[@text='WeLink知识']_click          ----
2017-12-13 17:24:57,416  - INFO - ----  test008_公众号浏览历史_com.huawei.works.publicaccount:id/bottom_menu_item_cell_textview_has_no_Image_click          ----
2017-12-13 17:25:31,566  - INFO - ----  test008_公众号浏览历史_//android.webkit.WebView/android.webkit.WebView/android.view.View[1]_           ----
2017-12-13 17:25:31,769  - INFO - [CheckPoint_33]: testPublicPlatHistory_ : OK
2017-12-13 17:26:10,477  - INFO - ----  test010_我的收藏浏览历史记录_//*[@resource-id='com.huawei.works:id/w3_tab_content_layout']//android.widget.RadioButton[@text='知识']_adb_tap          ----
2017-12-13 17:26:12,349  - INFO - ----  test010_我的收藏浏览历史记录_com.huawei.works.knowledge:id/vtb_img_left_click          ----
2017-12-13 17:26:16,123  - INFO - ----  test010_我的收藏浏览历史记录_//*[@text="收藏"]_click          ----
2017-12-13 17:26:18,267  - INFO - ----  test010_我的收藏浏览历史记录_com.huawei.works.me:id/collection_content_click          ----
2017-12-13 17:26:23,965  - INFO - ----  test010_我的收藏浏览历史记录_//*[@id="h5-scroll"]/div[1]/div/section[2]/div[1]/div_get_value          ----
2017-12-13 17:26:24,375  - INFO - ----  test010_我的收藏浏览历史记录_com.huawei.works.knowledge:id/vtb_img_left_click          ----
2017-12-13 17:26:25,052  - INFO - ----  test010_我的收藏浏览历史记录_com.huawei.works.me:id/back_btn_click          ----
2017-12-13 17:26:26,717  - INFO - ----  test010_我的收藏浏览历史记录_com.huawei.works.me:id/back_btn_click          ----
2017-12-13 17:26:28,068  - INFO - ----  test010_我的收藏浏览历史记录_com.huawei.works.knowledge:id/vtb_img_right2_click          ----
2017-12-13 17:26:29,827  - INFO - ----  test010_我的收藏浏览历史记录_com.huawei.works.knowledge:id/browser_knowledge_history_text_get_value          ----
2017-12-13 17:26:30,068  - INFO - [CheckPoint_34]: testAMyCollectHistory_ : OK
2017-12-13 17:26:36,536  - INFO - ----  test004_取消收藏_com.huawei.works.knowledge:id/vtb_img_left_click          ----
2017-12-13 17:26:41,617  - INFO - ----  test004_取消收藏_//*[@text="收藏"]_click          ----
2017-12-13 17:26:43,937  - INFO - ----  test004_取消收藏_com.huawei.works.me:id/item_content_click          ----
2017-12-13 17:26:48,559  - INFO - ----  test004_取消收藏_com.huawei.works.knowledge:id/vdr_fav_click          ----
2017-12-13 17:26:48,665  - INFO - ----  test004_取消收藏_查找弹窗元素_//*[@text='取消收藏成功']        ----
2017-12-13 17:26:49,588  - INFO - [CheckPoint_35]: testCancelCollect_ : OK
2017-12-13 17:26:56,128  - INFO - ----  test014_多选删除我的收藏_com.huawei.works.knowledge:id/vtb_img_left_click          ----
2017-12-13 17:27:00,956  - INFO - ----  test014_多选删除我的收藏_//*[@text="收藏"]_click          ----
2017-12-13 17:27:02,664  - INFO - ----  test014_多选删除我的收藏_com.huawei.works.me:id/collection_content_get_value          ----
2017-12-13 17:27:03,269  - INFO - ----  test014_多选删除我的收藏_com.huawei.works.me:id/collection_content_get_value          ----
2017-12-13 17:27:03,414  - INFO - ----  test014_多选删除我的收藏_com.huawei.works.me:id/edit_btn_click          ----
2017-12-13 17:27:04,251  - INFO - ----  test014_多选删除我的收藏_com.huawei.works.me:id/collection_btn_click          ----
2017-12-13 17:27:05,035  - INFO - ----  test014_多选删除我的收藏_com.huawei.works.me:id/collection_btn_click          ----
2017-12-13 17:27:05,760  - INFO - ----  test014_多选删除我的收藏_com.huawei.works.me:id/delete_btn_click          ----
2017-12-13 17:27:06,718  - INFO - ----  test014_多选删除我的收藏_com.huawei.works.me:id/collection_content_get_value          ----
2017-12-13 17:27:06,831  - INFO - ----  test014_多选删除我的收藏_com.huawei.works.me:id/collection_content_get_value          ----
2017-12-13 17:27:06,985  - INFO - [CheckPoint_36]: testCollectCheckBoxDel_ : OK
2017-12-13 17:27:13,482  - INFO - ----  test014_滑动删我的收藏_com.huawei.works.knowledge:id/vtb_img_left_click          ----
2017-12-13 17:27:18,340  - INFO - ----  test014_滑动删我的收藏_//*[@text="收藏"]_click          ----
2017-12-13 17:27:20,097  - INFO - ----  test014_滑动删我的收藏_com.huawei.works.me:id/collection_content_get_value          ----
2017-12-13 17:27:20,275  - INFO - ----  test014_滑动删我的收藏_com.huawei.works.me:id/item_content_swipe_left          ----
2017-12-13 17:27:21,399  - INFO - ----  test014_滑动删我的收藏_//android.widget.TextView[@text='删除']_click          ----
2017-12-13 17:27:21,716  - INFO - ----  test014_滑动删我的收藏_com.huawei.works.me:id/collection_content_get_value          ----
2017-12-13 17:27:22,342  - INFO - [CheckPoint_37]: testSwipeDelCollect_ : OK
2017-12-13 17:27:57,916  - INFO - ----  test020_卡片列表下删除卡片_com.huawei.works.knowledge:id/vtb_img_right_click          ----
2017-12-13 17:28:03,291  - INFO - ----  test020_卡片列表下删除卡片_com.huawei.works.knowledge:id/my_card_item_name_text_get_value          ----
2017-12-13 17:28:03,437  - INFO - ----  test020_卡片列表下删除卡片_com.huawei.works.knowledge:id/card_management_item_image_click          ----
2017-12-13 17:28:03,639  - INFO - ----  test020_卡片列表下删除卡片_com.huawei.works.knowledge:id/swipe_right_click          ----
2017-12-13 17:28:04,977  - INFO - ----  test020_卡片列表下删除卡片_com.huawei.works.knowledge:id/vtb_img_left_click          ----
2017-12-13 17:28:07,415  - INFO - ----  test020_卡片列表下删除卡片_com.huawei.works.knowledge:id/title_txt_get_value          ----
2017-12-13 17:28:07,571  - INFO - [CheckPoint_38]: testDelCard_ : OK
2017-12-13 17:28:44,277  - INFO - ----  test010_未加入团队首页_//*[@resource-id='com.huawei.works.knowledge:id/title_my_team_item' and @text='更多']_click          ----
2017-12-13 17:28:50,108  - INFO - ----  test010_未加入团队首页_//android.widget.ListView//android.widget.GridView/android.widget.RelativeLayout[1]_click          ----
2017-12-13 17:28:53,321  - INFO - ----  test010_未加入团队首页_//android.widget.CheckBox[@text='首页']_           ----
2017-12-13 17:28:53,417  - INFO - [CheckPoint_39]: testAOtherTeamHome_ : OK
